{
  "RSpec": {
    "coverage": {
      "/home/micapalacios/1. UNRC/CURSADA 2024/3. INGENIERIA DE SOFTWARE/TALLER/AyDS-2024---Proyecto/proj/app.rb": {
        "lines": [
          null,
          null,
          1,
          1,
          1,
          1,
          1,
          1,
          null,
          1,
          1,
          1,
          null,
          null,
          1,
          1,
          null,
          null,
          1,
          1,
          null,
          1,
          1,
          null,
          null,
          1,
          3,
          null
        ]
      },
      "/home/micapalacios/1. UNRC/CURSADA 2024/3. INGENIERIA DE SOFTWARE/TALLER/AyDS-2024---Proyecto/proj/models/user.rb": {
        "lines": [
          null,
          null,
          1,
          null,
          null,
          null,
          null,
          null,
          1,
          null,
          1,
          null,
          null,
          1,
          null,
          null,
          1,
          null,
          null,
          1,
          null,
          1,
          null,
          1,
          null,
          1,
          null,
          null,
          1,
          2,
          null,
          null,
          1,
          2,
          null,
          null,
          null,
          1,
          50,
          50,
          null,
          null,
          null,
          1,
          1,
          1,
          1,
          1,
          null,
          null
        ]
      },
      "/home/micapalacios/1. UNRC/CURSADA 2024/3. INGENIERIA DE SOFTWARE/TALLER/AyDS-2024---Proyecto/proj/models/question.rb": {
        "lines": [
          null,
          null,
          null,
          null,
          null,
          null,
          1,
          null,
          1,
          null,
          null,
          1,
          null,
          null,
          1,
          null,
          1,
          null,
          null,
          1,
          1,
          null,
          null,
          null,
          null,
          1,
          1,
          null,
          null,
          null,
          null
        ]
      },
      "/home/micapalacios/1. UNRC/CURSADA 2024/3. INGENIERIA DE SOFTWARE/TALLER/AyDS-2024---Proyecto/proj/models/option.rb": {
        "lines": [
          null,
          null,
          null,
          null,
          null,
          null,
          1,
          null,
          1,
          null,
          null,
          null,
          1,
          10,
          null,
          null,
          null,
          null,
          1,
          null,
          5,
          null,
          null,
          null,
          4,
          2,
          null,
          null,
          null,
          2,
          2,
          null,
          null,
          null
        ]
      },
      "/home/micapalacios/1. UNRC/CURSADA 2024/3. INGENIERIA DE SOFTWARE/TALLER/AyDS-2024---Proyecto/proj/helpers/game_helpers.rb": {
        "lines": [
          null,
          null,
          null,
          null,
          null,
          null,
          1,
          null,
          null,
          1,
          11,
          null,
          null,
          null,
          null,
          null,
          null,
          1,
          9,
          null,
          null,
          null,
          null,
          null,
          null,
          1,
          0,
          0,
          0,
          null,
          0,
          null,
          null,
          null,
          null,
          null,
          null,
          1,
          0,
          0,
          0,
          null,
          0,
          null,
          null,
          0,
          0,
          null,
          null,
          null,
          null,
          null,
          1,
          5,
          5,
          5,
          5,
          null,
          5,
          4,
          4,
          null,
          1,
          null,
          null,
          null,
          null,
          null,
          null,
          1,
          4,
          1,
          1,
          null,
          3,
          3,
          3,
          null,
          null,
          null,
          null,
          null,
          1,
          2,
          1,
          null,
          1,
          null,
          null,
          null,
          null,
          null,
          1,
          1,
          1,
          1,
          1,
          1,
          1,
          null,
          null,
          null,
          null,
          1,
          1,
          1,
          1,
          1,
          null,
          null,
          null,
          1,
          1,
          1,
          null,
          null
        ]
      },
      "/home/micapalacios/1. UNRC/CURSADA 2024/3. INGENIERIA DE SOFTWARE/TALLER/AyDS-2024---Proyecto/proj/helpers/user_helpers.rb": {
        "lines": [
          null,
          null,
          null,
          1,
          null,
          1,
          5,
          5,
          5,
          null,
          5,
          3,
          3,
          null,
          2,
          null,
          null,
          null,
          null,
          1,
          2,
          2,
          2,
          null,
          2,
          null,
          2,
          2,
          null,
          null
        ]
      },
      "/home/micapalacios/1. UNRC/CURSADA 2024/3. INGENIERIA DE SOFTWARE/TALLER/AyDS-2024---Proyecto/proj/helpers/evaluation_helpers.rb": {
        "lines": [
          null,
          null,
          null,
          1,
          null,
          1,
          3,
          2,
          2,
          null,
          2,
          null,
          1,
          null,
          null,
          null,
          null,
          1,
          2,
          2,
          2,
          2,
          null,
          null,
          null,
          1,
          2,
          0,
          null,
          null,
          null,
          null,
          1,
          0,
          0,
          null,
          null,
          null,
          1,
          2,
          2,
          2,
          null,
          null,
          null,
          1,
          0,
          0,
          0,
          null,
          null,
          null,
          1,
          2,
          2,
          null,
          2,
          null,
          2,
          2,
          null,
          null
        ]
      },
      "/home/micapalacios/1. UNRC/CURSADA 2024/3. INGENIERIA DE SOFTWARE/TALLER/AyDS-2024---Proyecto/proj/controllers/admin_controller.rb": {
        "lines": [
          null,
          null,
          null,
          1,
          1,
          1,
          null,
          1,
          1,
          1,
          null,
          null,
          1,
          4,
          null,
          null,
          null,
          1,
          11,
          11,
          null,
          null,
          11,
          null,
          null,
          11,
          8,
          8,
          null,
          3,
          null,
          null,
          null,
          null,
          1,
          4,
          2,
          null,
          null,
          null,
          1,
          3,
          null,
          null,
          null,
          1,
          1,
          1,
          1,
          null,
          1,
          null,
          null,
          null,
          null,
          1,
          null,
          null,
          1,
          null,
          null,
          1,
          4,
          null,
          null,
          null,
          null,
          null,
          null,
          1,
          null,
          null,
          null,
          1,
          2,
          1,
          null,
          null,
          null,
          1,
          3,
          3,
          3,
          null,
          3,
          1,
          1,
          1,
          2,
          1,
          1,
          1,
          null,
          1,
          1,
          1,
          null,
          null,
          3,
          null,
          null
        ]
      },
      "/home/micapalacios/1. UNRC/CURSADA 2024/3. INGENIERIA DE SOFTWARE/TALLER/AyDS-2024---Proyecto/proj/controllers/user_controller.rb": {
        "lines": [
          null,
          null,
          null,
          1,
          1,
          1,
          null,
          1,
          1,
          1,
          null,
          null,
          1,
          1,
          null,
          null,
          null,
          1,
          6,
          null,
          null,
          1,
          28,
          28,
          null,
          28,
          null,
          28,
          26,
          26,
          null,
          2,
          null,
          null,
          null,
          null,
          1,
          2,
          null,
          null,
          1,
          6,
          6,
          6,
          6,
          6,
          null,
          null,
          6,
          1,
          null,
          null,
          null,
          5,
          null,
          null,
          4,
          null,
          4,
          1,
          1,
          null,
          3,
          3,
          null,
          null,
          null,
          null,
          1,
          5,
          5,
          null,
          null,
          null,
          1,
          2,
          2,
          null,
          null,
          null,
          null,
          2,
          null,
          null,
          null,
          1,
          2,
          2,
          null,
          null,
          1,
          2,
          null,
          null,
          2,
          null,
          null,
          2,
          1,
          1,
          null,
          null,
          1,
          1,
          null,
          null,
          null,
          1,
          1,
          null,
          0,
          null,
          null,
          null,
          null,
          1,
          4,
          3,
          3,
          null,
          1,
          null,
          null,
          null,
          1,
          2,
          1,
          1,
          1,
          null,
          1,
          1,
          null,
          1,
          null,
          1,
          null,
          null,
          null,
          null,
          1,
          4,
          4,
          4,
          4,
          null,
          null,
          null,
          4,
          null,
          1,
          null,
          1,
          null,
          1,
          null,
          1,
          null,
          null,
          null,
          null,
          null,
          1,
          2,
          2,
          2,
          2,
          2,
          null,
          2,
          1,
          1,
          1,
          null,
          1,
          1,
          null,
          null,
          0,
          null,
          null,
          null,
          null,
          1,
          1,
          1,
          1,
          1,
          null,
          1,
          null,
          1,
          0,
          0,
          null,
          1,
          null,
          null,
          0,
          null,
          null,
          null,
          1,
          5,
          5,
          null,
          0,
          null,
          null,
          null,
          null,
          1,
          1,
          1,
          null,
          null,
          1,
          1,
          1,
          null,
          null,
          1,
          2,
          2,
          2,
          null,
          null,
          null,
          1,
          1,
          1,
          1,
          1,
          null,
          null,
          null,
          1,
          3,
          null,
          null,
          null,
          1,
          1,
          1,
          null,
          null
        ]
      }
    },
    "timestamp": 1730778668
  }
}
